mode: atomic
github.com/arya-analytics/aryacore/pkg/storage/config.go:20.37,22.2 1 1
github.com/arya-analytics/aryacore/pkg/storage/config.go:24.63,25.25 1 4
github.com/arya-analytics/aryacore/pkg/storage/config.go:30.2,30.73 1 1
github.com/arya-analytics/aryacore/pkg/storage/config.go:25.25,26.23 1 6
github.com/arya-analytics/aryacore/pkg/storage/config.go:26.23,28.4 1 3
github.com/arya-analytics/aryacore/pkg/storage/config.go:35.42,37.2 1 0
github.com/arya-analytics/aryacore/pkg/storage/config.go:39.41,41.2 1 0
github.com/arya-analytics/aryacore/pkg/storage/config.go:43.41,45.2 1 6
github.com/arya-analytics/aryacore/pkg/storage/config.go:49.45,51.2 1 0
github.com/arya-analytics/aryacore/pkg/storage/config.go:53.44,55.2 1 0
github.com/arya-analytics/aryacore/pkg/storage/config.go:57.44,59.2 1 3
github.com/arya-analytics/aryacore/pkg/storage/pooler.go:32.37,34.2 1 1
github.com/arya-analytics/aryacore/pkg/storage/pooler.go:36.46,38.2 1 4
github.com/arya-analytics/aryacore/pkg/storage/pooler.go:48.65,50.9 2 5
github.com/arya-analytics/aryacore/pkg/storage/pooler.go:58.2,58.15 1 3
github.com/arya-analytics/aryacore/pkg/storage/pooler.go:50.9,53.17 3 4
github.com/arya-analytics/aryacore/pkg/storage/pooler.go:56.3,56.18 1 2
github.com/arya-analytics/aryacore/pkg/storage/pooler.go:53.17,55.4 1 2
github.com/arya-analytics/aryacore/pkg/storage/pooler.go:61.61,62.28 1 5
github.com/arya-analytics/aryacore/pkg/storage/pooler.go:67.2,67.19 1 4
github.com/arya-analytics/aryacore/pkg/storage/pooler.go:62.28,63.21 1 1
github.com/arya-analytics/aryacore/pkg/storage/pooler.go:63.21,65.4 1 1
github.com/arya-analytics/aryacore/pkg/storage/pooler.go:70.61,72.16 2 4
github.com/arya-analytics/aryacore/pkg/storage/pooler.go:75.2,76.16 2 3
github.com/arya-analytics/aryacore/pkg/storage/pooler.go:79.2,79.15 1 2
github.com/arya-analytics/aryacore/pkg/storage/pooler.go:72.16,74.3 1 1
github.com/arya-analytics/aryacore/pkg/storage/pooler.go:76.16,78.3 1 1
github.com/arya-analytics/aryacore/pkg/storage/pooler.go:82.40,84.2 1 2
github.com/arya-analytics/aryacore/pkg/storage/pooler.go:86.46,88.12 2 3
github.com/arya-analytics/aryacore/pkg/storage/pooler.go:89.24,90.31 1 2
github.com/arya-analytics/aryacore/pkg/storage/pooler.go:91.10,92.69 1 1
github.com/arya-analytics/aryacore/pkg/storage/storage.go:8.63,13.2 1 0
github.com/arya-analytics/aryacore/pkg/storage/stub.go:15.65,19.2 3 2
github.com/arya-analytics/aryacore/pkg/storage/stub.go:21.40,23.2 1 2
github.com/arya-analytics/aryacore/pkg/storage/stub.go:25.41,27.2 1 0
github.com/arya-analytics/aryacore/pkg/storage/stub.go:29.48,31.2 1 1
github.com/arya-analytics/aryacore/pkg/storage/stub.go:33.43,35.2 1 1
github.com/arya-analytics/aryacore/pkg/storage/stub.go:37.39,39.2 1 0
github.com/arya-analytics/aryacore/pkg/storage/stub.go:41.38,43.2 1 2
github.com/arya-analytics/aryacore/pkg/storage/stub.go:45.44,47.2 1 0
github.com/arya-analytics/aryacore/pkg/util/watcher/watcher.go:33.54,38.2 4 2
github.com/arya-analytics/aryacore/pkg/util/watcher/watcher.go:41.27,44.15 3 1
github.com/arya-analytics/aryacore/pkg/util/watcher/watcher.go:49.2,49.16 1 1
github.com/arya-analytics/aryacore/pkg/util/watcher/watcher.go:52.2,53.12 2 1
github.com/arya-analytics/aryacore/pkg/util/watcher/watcher.go:44.15,45.45 1 0
github.com/arya-analytics/aryacore/pkg/util/watcher/watcher.go:45.45,47.4 1 0
github.com/arya-analytics/aryacore/pkg/util/watcher/watcher.go:49.16,51.3 1 0
github.com/arya-analytics/aryacore/pkg/util/watcher/watcher.go:56.31,57.37 1 1
github.com/arya-analytics/aryacore/pkg/util/watcher/watcher.go:57.37,58.23 1 1
github.com/arya-analytics/aryacore/pkg/util/watcher/watcher.go:62.3,65.21 3 0
github.com/arya-analytics/aryacore/pkg/util/watcher/watcher.go:58.23,61.4 2 1
github.com/arya-analytics/aryacore/pkg/util/watcher/watcher.go:65.21,68.18 3 0
github.com/arya-analytics/aryacore/pkg/util/watcher/watcher.go:71.4,71.37 1 0
github.com/arya-analytics/aryacore/pkg/util/watcher/watcher.go:74.4,74.14 1 0
github.com/arya-analytics/aryacore/pkg/util/watcher/watcher.go:68.18,70.5 1 0
github.com/arya-analytics/aryacore/pkg/util/watcher/watcher.go:71.37,73.5 1 0
github.com/arya-analytics/aryacore/pkg/util/watcher/watcher.go:75.18,77.4 1 0
github.com/arya-analytics/aryacore/pkg/util/watcher/watcher.go:81.55,83.47 2 1
github.com/arya-analytics/aryacore/pkg/util/watcher/watcher.go:83.47,85.3 1 0
github.com/arya-analytics/aryacore/pkg/util/watcher/watcher.go:89.45,90.37 1 0
github.com/arya-analytics/aryacore/pkg/util/watcher/watcher.go:95.2,95.14 1 0
github.com/arya-analytics/aryacore/pkg/util/watcher/watcher.go:90.37,91.32 1 0
github.com/arya-analytics/aryacore/pkg/util/watcher/watcher.go:91.32,93.4 1 0
github.com/arya-analytics/aryacore/pkg/util/watcher/watcher.go:98.28,99.6 1 1
github.com/arya-analytics/aryacore/pkg/util/watcher/watcher.go:99.6,100.10 1 3
github.com/arya-analytics/aryacore/pkg/util/watcher/watcher.go:101.42,102.11 1 2
github.com/arya-analytics/aryacore/pkg/util/watcher/watcher.go:105.4,105.30 1 2
github.com/arya-analytics/aryacore/pkg/util/watcher/watcher.go:102.11,104.5 1 0
github.com/arya-analytics/aryacore/pkg/util/watcher/watcher.go:105.30,107.5 1 1
github.com/arya-analytics/aryacore/pkg/util/watcher/watcher.go:112.60,113.35 1 2
github.com/arya-analytics/aryacore/pkg/util/watcher/watcher.go:118.2,118.14 1 1
github.com/arya-analytics/aryacore/pkg/util/watcher/watcher.go:113.35,114.22 1 2
github.com/arya-analytics/aryacore/pkg/util/watcher/watcher.go:114.22,116.4 1 1
